<?xml version="1.0" encoding="UTF-8"?>
<!-- Generated by org.testng.reporters.JUnitReportReporter -->
<testsuite hostname="DESKTOP-7OA1239" failures="0" tests="1" name="testcases.suite_one.LoginTest" time="0.028" errors="0" timestamp="2022-10-12T10:09:27 EDT" skipped="0">
  <testcase classname="testcases.suite_one.LoginTest" name="softAssert" time="0.028"/>
  <system-out/>
</testsuite> <!-- testcases.suite_one.LoginTest -->
