<?xml version="1.0" encoding="UTF-8"?>
<!-- Generated by org.testng.reporters.JUnitReportReporter -->
<testsuite hostname="DESKTOP-7OA1239" failures="0" tests="3" name="testcases.suite_one.SearchAndBuyPhone" time="0.009" errors="0" timestamp="2022-10-12T10:09:27 EDT" skipped="0">
  <testcase classname="testcases.suite_one.SearchAndBuyPhone" name="searchPhone" time="0.002"/>
  <system-out/>
  <testcase classname="testcases.suite_one.SearchAndBuyPhone" name="selectPhone" time="0.004"/>
  <system-out/>
  <testcase classname="testcases.suite_one.SearchAndBuyPhone" name="buyPhone" time="0.003"/>
  <system-out/>
</testsuite> <!-- testcases.suite_one.SearchAndBuyPhone -->
