<?xml version="1.0" encoding="UTF-8"?>
<!-- Generated by org.testng.reporters.JUnitReportReporter -->
<testsuite hostname="DESKTOP-7OA1239" failures="0" tests="3" name="testcases.suite_two.CreateUser" time="0.006" errors="0" timestamp="2022-10-12T10:09:27 EDT" skipped="0">
  <testcase classname="testcases.suite_two.CreateUser" name="createUserUsingProviderClass" time="0.002"/>
  <system-out/>
  <testcase classname="testcases.suite_two.CreateUser" name="createUserUsingProviderClass" time="0.002"/>
  <system-out/>
  <testcase classname="testcases.suite_two.CreateUser" name="createUserUsingProviderClass" time="0.002"/>
  <system-out/>
</testsuite> <!-- testcases.suite_two.CreateUser -->
