<?xml version="1.0" encoding="UTF-8"?>
<!-- Generated by org.testng.reporters.JUnitReportReporter -->
<testsuite hostname="DESKTOP-7OA1239" failures="0" tests="9" name="testcases.suite_one.SearchAndBuyPhone" time="0.016" errors="0" timestamp="2022-10-19T17:43:57 EDT" skipped="0">
  <testcase classname="testcases.suite_one.SearchAndBuyPhone" name="searchPhone" time="0.003"/>
  <system-out/>
  <testcase classname="testcases.suite_one.SearchAndBuyPhone" name="searchPhone" time="0.000"/>
  <system-out/>
  <testcase classname="testcases.suite_one.SearchAndBuyPhone" name="searchPhone" time="0.001"/>
  <system-out/>
  <testcase classname="testcases.suite_one.SearchAndBuyPhone" name="selectPhone" time="0.001"/>
  <system-out/>
  <testcase classname="testcases.suite_one.SearchAndBuyPhone" name="selectPhone" time="0.002"/>
  <system-out/>
  <testcase classname="testcases.suite_one.SearchAndBuyPhone" name="selectPhone" time="0.002"/>
  <system-out/>
  <testcase classname="testcases.suite_one.SearchAndBuyPhone" name="buyPhone" time="0.005"/>
  <system-out/>
  <testcase classname="testcases.suite_one.SearchAndBuyPhone" name="buyPhone" time="0.001"/>
  <system-out/>
  <testcase classname="testcases.suite_one.SearchAndBuyPhone" name="buyPhone" time="0.001"/>
  <system-out/>
</testsuite> <!-- testcases.suite_one.SearchAndBuyPhone -->
