<?xml version="1.0" encoding="UTF-8"?>
<!-- Generated by org.testng.reporters.JUnitReportReporter -->
<testsuite hostname="DESKTOP-7OA1239" failures="0" tests="3" name="testcases.suite_one.LoginTest" time="0.048" errors="0" timestamp="2022-10-19T17:43:57 EDT" skipped="0">
  <testcase classname="testcases.suite_one.LoginTest" name="softAssert" time="0.000"/>
  <system-out/>
  <testcase classname="testcases.suite_one.LoginTest" name="softAssert" time="0.024"/>
  <system-out/>
  <testcase classname="testcases.suite_one.LoginTest" name="softAssert" time="0.024"/>
  <system-out/>
</testsuite> <!-- testcases.suite_one.LoginTest -->
